<?xml version="1.0" encoding="UTF-8"?>
<!-- Generated by org.testng.reporters.JUnitReportReporter -->
<testsuite skipped="0" hostname="Sanket-PC" name="smoke.STest" tests="1" failures="0" timestamp="24 Sep 2018 17:47:51 GMT" time="0.006" errors="0">
  <testcase name="loginTest" time="0.006" classname="smoke.STest"/>
</testsuite> <!-- smoke.STest -->
