<?xml version="1.0" encoding="UTF-8"?>
<!-- Generated by org.testng.reporters.JUnitReportReporter -->
<testsuite skipped="0" hostname="SANKET-PC" name="smoke.SmokeTest" tests="1" failures="0" timestamp="25 Sep 2018 07:39:53 GMT" time="29.837" errors="0">
  <testcase name="LoginTest" time="29.837" classname="smoke.SmokeTest"/>
</testsuite> <!-- smoke.SmokeTest -->
