<?xml version="1.0" encoding="UTF-8"?>
<!-- Generated by org.testng.reporters.JUnitReportReporter -->
<testsuite skipped="0" hostname="SANKET-PC" name="smoke.SmokeTest" tests="1" failures="0" timestamp="26 Sep 2018 09:21:47 GMT" time="13.757" errors="0">
  <testcase name="test" time="13.757" classname="smoke.SmokeTest"/>
</testsuite> <!-- smoke.SmokeTest -->
